file size, time taken
  % Total    % Received % Xferd  Average Speed   Time    Time     Time  Current
                                 Dload  Upload   Total   Spent    Left  Speed

  0     0    0     0    0     0      0      0 --:--:-- --:--:-- --:--:--     0
  0     0    0     0    0     0      0      0 --:--:-- --:--:-- --:--:--     0
curl: (7) Failed to connect to 192.168.241.81 port 8000 after 0 ms: Couldn't connect to server

  % Total    % Received % Xferd  Average Speed   Time    Time     Time  Current
                                 Dload  Upload   Total   Spent    Left  Speed

  0     0    0     0    0     0      0      0 --:--:-- --:--:-- --:--:--     0
  0     0    0     0    0     0      0      0 --:--:-- --:--:-- --:--:--     0
  9  200k    9 18700    0     0  17285      0  0:00:11  0:00:01  0:00:10 17282
 27  200k   27 56848    0     0  27353      0  0:00:07  0:00:02  0:00:05 27343
 45  200k   45 93500    0     0  29882      0  0:00:06  0:00:03  0:00:03 29881
 60  200k   60  121k    0     0  30430      0  0:00:06  0:00:04  0:00:02 30425
 73  200k   73  146k    0     0  29541      0  0:00:06  0:00:05  0:00:01 30752
 82  200k   82  165k    0     0  27806      0  0:00:07  0:00:06  0:00:01 30081
 87  200k   87  174k    0     0  25230      0  0:00:08  0:00:07  0:00:01 24350
 89  200k   89  178k    0     0  22205      0  0:00:09  0:00:08  0:00:01 17487
 92  200k   92  185k    0     0  20905      0  0:00:09  0:00:09 --:--:-- 13146
 96  200k   96  192k    0     0  19568      0  0:00:10  0:00:10 --:--:--  9422
100  200k  100  200k    0     0  18536      0  0:00:11  0:00:11 --:--:--  7193
100  200k  100  200k    0     0  18536      0  0:00:11  0:00:11 --:--:--  6566

  % Total    % Received % Xferd  Average Speed   Time    Time     Time  Current
                                 Dload  Upload   Total   Spent    Left  Speed

  0     0    0     0    0     0      0      0 --:--:-- --:--:-- --:--:--     0
  0     0    0     0    0     0      0      0 --:--:-- --:--:-- --:--:--     0
  5  200k    5 10472    0     0   9198      0  0:00:22  0:00:01  0:00:21  9194
 21  200k   21 43384    0     0  20613      0  0:00:09  0:00:02  0:00:07 20609
 40  200k   40 83776    0     0  27216      0  0:00:07  0:00:03  0:00:04 27208
 58  200k   58  116k    0     0  28994      0  0:00:07  0:00:04  0:00:03 28993
 69  200k   69  139k    0     0  28152      0  0:00:07  0:00:05  0:00:02 29300
 80  200k   80  160k    0     0  26913      0  0:00:07  0:00:06  0:00:01 30966
 88  200k   88  177k    0     0  25570      0  0:00:08  0:00:07  0:00:01 27659
 95  200k   95  191k    0     0  24286      0  0:00:08  0:00:08 --:--:-- 22475
100  200k  100  200k    0     0  22975      0  0:00:08  0:00:08 --:--:-- 17844

  % Total    % Received % Xferd  Average Speed   Time    Time     Time  Current
                                 Dload  Upload   Total   Spent    Left  Speed

  0     0    0     0    0     0      0      0 --:--:-- --:--:-- --:--:--     0
  0     0    0     0    0     0      0      0 --:--:-- --:--:-- --:--:--     0
  6  200k    6 12716    0     0  12062      0  0:00:16  0:00:01  0:00:15 12053
 18  200k   18 37400    0     0  18221      0  0:00:11  0:00:02  0:00:09 18217
 34  200k   34 71060    0     0  23255      0  0:00:08  0:00:03  0:00:05 23252
 47  200k   47 97988    0     0  24085      0  0:00:08  0:00:04  0:00:04 24081
 60  200k   60  120k    0     0  24383      0  0:00:08  0:00:05  0:00:03 25384
 69  200k   69  138k    0     0  23283      0  0:00:08  0:00:06  0:00:02 25644
 70  200k   70  140k    0     0  20377      0  0:00:10  0:00:07  0:00:03 21260
 74  200k   74  149k    0     0  17199      0  0:00:11  0:00:08  0:00:03 14043
 75  200k   75  150k    0     0  16636      0  0:00:12  0:00:09  0:00:03 10803
 78  200k   78  157k    0     0  15542      0  0:00:13  0:00:10  0:00:03  7076
 81  200k   81  162k    0     0  14794      0  0:00:13  0:00:11  0:00:02  4887
 82  200k   82  165k    0     0  13920      0  0:00:14  0:00:12  0:00:02  5084
 85  200k   85  170k    0     0  13287      0  0:00:15  0:00:13  0:00:02  4985
 87  200k   87  175k    0     0  12763      0  0:00:16  0:00:14  0:00:02  5293
 90  200k   90  181k    0     0  12306      0  0:00:16  0:00:15  0:00:01  5221
 94  200k   94  188k    0     0  12002      0  0:00:17  0:00:16  0:00:01  5449
 98  200k   98  196k    0     0  11790      0  0:00:17  0:00:17 --:--:--  6452
100  200k  100  200k    0     0  11572      0  0:00:17  0:00:17 --:--:--  6661

  % Total    % Received % Xferd  Average Speed   Time    Time     Time  Current
                                 Dload  Upload   Total   Spent    Left  Speed

  0     0    0     0    0     0      0      0 --:--:-- --:--:-- --:--:--     0
  1  200k    1  3740    0     0   5925      0  0:00:34 --:--:--  0:00:34  5917
 17  200k   17 36652    0     0  22958      0  0:00:08  0:00:01  0:00:07 22950
 34  200k   34 70312    0     0  26843      0  0:00:07  0:00:02  0:00:05 26836
 48  200k   48   97k    0     0  27964      0  0:00:07  0:00:03  0:00:04 27958
 61  200k   61  122k    0     0  27425      0  0:00:07  0:00:04  0:00:03 27425
 71  200k   71  143k    0     0  25984      0  0:00:07  0:00:05  0:00:02 28500
 80  200k   80  160k    0     0  25027      0  0:00:08  0:00:06  0:00:02 25689
 92  200k   92  184k    0     0  24858      0  0:00:08  0:00:07  0:00:01 23808
 97  200k   97  195k    0     0  23271      0  0:00:08  0:00:08 --:--:-- 19926
100  200k  100  200k    0     0  22882      0  0:00:08  0:00:08 --:--:-- 18117

  % Total    % Received % Xferd  Average Speed   Time    Time     Time  Current
                                 Dload  Upload   Total   Spent    Left  Speed

  0     0    0     0    0     0      0      0 --:--:-- --:--:-- --:--:--     0
  0     0    0     0    0     0      0      0 --:--:-- --:--:-- --:--:--     0
  8  200k    8 16456    0     0  15396      0  0:00:13  0:00:01  0:00:12 15393
 21  200k   21 44132    0     0  21434      0  0:00:09  0:00:02  0:00:07 21433
 35  200k   35 73304    0     0  23786      0  0:00:08  0:00:03  0:00:05 23784
 49  200k   49   99k    0     0  24862      0  0:00:08  0:00:04  0:00:04 24860
 62  200k   62  124k    0     0  24709      0  0:00:08  0:00:05  0:00:03 25709
 72  200k   72  145k    0     0  24344      0  0:00:08  0:00:06  0:00:02 26243
 75  200k   75  150k    0     0  21367      0  0:00:09  0:00:07  0:00:02 21342
 78  200k   78  157k    0     0  19887      0  0:00:10  0:00:08  0:00:02 17505
 82  200k   82  165k    0     0  18465      0  0:00:11  0:00:09  0:00:02 13296
 87  200k   87  174k    0     0  17750      0  0:00:11  0:00:10  0:00:01 10477
 91  200k   91  183k    0     0  16977      0  0:00:12  0:00:11  0:00:01  7865
 94  200k   94  189k    0     0  16103      0  0:00:12  0:00:12 --:--:--  8300
 98  200k   98  197k    0     0  15268      0  0:00:13  0:00:13 --:--:--  7915
 99  200k   99  199k    0     0  14110      0  0:00:14  0:00:14 --:--:--  6597
 99  200k   99  199k    0     0  13196      0  0:00:15  0:00:15 --:--:--  4689
 99  200k   99  199k    0     0  12393      0  0:00:16  0:00:16 --:--:--  3016
 99  200k   99  199k    0     0  11682      0  0:00:17  0:00:17 --:--:--  1776
 99  200k   99  199k    0     0  11049      0  0:00:18  0:00:18 --:--:--   399
 99  200k   99  199k    0     0  10480      0  0:00:19  0:00:19 --:--:--     0
 99  200k   99  199k    0     0   9968      0  0:00:20  0:00:20 --:--:--     0
 99  200k   99  199k    0     0   9503      0  0:00:21  0:00:21 --:--:--     0
 99  200k   99  199k    0     0   9079      0  0:00:22  0:00:22 --:--:--     0
 99  200k   99  199k    0     0   8692      0  0:00:23  0:00:23 --:--:--     0
 99  200k   99  199k    0     0   8336      0  0:00:24  0:00:24 --:--:--     0
 99  200k   99  199k    0     0   8009      0  0:00:25  0:00:25 --:--:--     0
 99  200k   99  199k    0     0   7706      0  0:00:26  0:00:26 --:--:--     0
 99  200k   99  199k    0     0   7425      0  0:00:27  0:00:27 --:--:--     0
 99  200k   99  199k    0     0   7164      0  0:00:28  0:00:28 --:--:--     0
 99  200k   99  199k    0     0   6920      0  0:00:29  0:00:29 --:--:--     0
 99  200k   99  199k    0     0   6582      0  0:00:31  0:00:31 --:--:--     0
 99  200k   99  199k    0     0   6376      0  0:00:32  0:00:32 --:--:--     0
 99  200k   99  199k    0     0   6182      0  0:00:33  0:00:33 --:--:--     0
 99  200k   99  199k    0     0   6000      0  0:00:34  0:00:34 --:--:--     0
 99  200k   99  199k    0     0   5828      0  0:00:35  0:00:35 --:--:--     0
 99  200k   99  199k    0     0   5666      0  0:00:36  0:00:36 --:--:--     0
 99  200k   99  199k    0     0   5513      0  0:00:37  0:00:37 --:--:--     0
 99  200k   99  199k    0     0   5368      0  0:00:38  0:00:38 --:--:--     0
 99  200k   99  199k    0     0   5230      0  0:00:39  0:00:39 --:--:--     0
 99  200k   99  199k    0     0   5099      0  0:00:40  0:00:40 --:--:--     0
 99  200k   99  199k    0     0   4974      0  0:00:41  0:00:41 --:--:--     0
 99  200k   99  199k    0     0   4856      0  0:00:42  0:00:42 --:--:--     0
 99  200k   99  199k    0     0   4743      0  0:00:43  0:00:43 --:--:--     0
 99  200k   99  199k    0     0   4635      0  0:00:44  0:00:44 --:--:--     0
 99  200k   99  199k    0     0   4532      0  0:00:45  0:00:45 --:--:--     0
 99  200k   99  199k    0     0   4433      0  0:00:46  0:00:46 --:--:--     0
 99  200k   99  199k    0     0   4339      0  0:00:47  0:00:47 --:--:--     0
 99  200k   99  199k    0     0   4248      0  0:00:48  0:00:48 --:--:--     0
 99  200k   99  199k    0     0   4161      0  0:00:49  0:00:49 --:--:--     0
 99  200k   99  199k    0     0   4078      0  0:00:50  0:00:50 --:--:--     0
 99  200k   99  199k    0     0   3998      0  0:00:51  0:00:51 --:--:--     0
100  200k  100  200k    0     0   3979      0  0:00:51  0:00:51 --:--:--   168
100  200k  100  200k    0     0   3979      0  0:00:51  0:00:51 --:--:--   217

  % Total    % Received % Xferd  Average Speed   Time    Time     Time  Current
                                 Dload  Upload   Total   Spent    Left  Speed

  0     0    0     0    0     0      0      0 --:--:-- --:--:-- --:--:--     0
  2  200k    2  5236    0     0   8485      0  0:00:24 --:--:--  0:00:24  8472
 12  200k   12 26180    0     0  19050      0  0:00:10  0:00:01  0:00:09 19040
 31  200k   31 65076    0     0  27303      0  0:00:07  0:00:02  0:00:05 27296
 48  200k   48   97k    0     0  29421      0  0:00:06  0:00:03  0:00:03 29419
 64  200k   64  128k    0     0  30067      0  0:00:06  0:00:04  0:00:02 30063
 75  200k   75  151k    0     0  29118      0  0:00:07  0:00:05  0:00:02 31812
 84  200k   84  168k    0     0  26494      0  0:00:07  0:00:06  0:00:01 28484
 89  200k   89  179k    0     0  24853      0  0:00:08  0:00:07  0:00:01 23691
 95  200k   95  190k    0     0  23181      0  0:00:08  0:00:08 --:--:-- 18946
100  200k  100  200k    0     0  21780      0  0:00:09  0:00:09 --:--:-- 14560
100  200k  100  200k    0     0  21780      0  0:00:09  0:00:09 --:--:-- 12125

  % Total    % Received % Xferd  Average Speed   Time    Time     Time  Current
                                 Dload  Upload   Total   Spent    Left  Speed

  0     0    0     0    0     0      0      0 --:--:-- --:--:-- --:--:--     0
  5  200k    5 11220    0     0  13223      0  0:00:15 --:--:--  0:00:15 13215
 23  200k   23 47872    0     0  26283      0  0:00:07  0:00:01  0:00:06 26274
 41  200k   41 84524    0     0  29833      0  0:00:06  0:00:02  0:00:04 29824
 53  200k   53  107k    0     0  28557      0  0:00:07  0:00:03  0:00:04 28552
 66  200k   66  132k    0     0  28166      0  0:00:07  0:00:04  0:00:03 28162
 77  200k   77  154k    0     0  27234      0  0:00:07  0:00:05  0:00:02 29619
 84  200k   84  168k    0     0  25111      0  0:00:08  0:00:06  0:00:02 24690
 90  200k   90  180k    0     0  23537      0  0:00:08  0:00:07  0:00:01 19982
 92  200k   92  185k    0     0  21468      0  0:00:09  0:00:08  0:00:01 16007
 97  200k   97  194k    0     0  20229      0  0:00:10  0:00:09  0:00:01 12561
100  200k  100  200k    0     0  19524      0  0:00:10  0:00:10 --:--:--  9906

  % Total    % Received % Xferd  Average Speed   Time    Time     Time  Current
                                 Dload  Upload   Total   Spent    Left  Speed

  0     0    0     0    0     0      0      0 --:--:-- --:--:-- --:--:--     0
  0  200k    0     0    0     0      0      0 --:--:-- --:--:-- --:--:--     0
 12  200k   12 24684    0     0  19028      0  0:00:10  0:00:01  0:00:09 19016
 19  200k   19 39644    0     0  15900      0  0:00:12  0:00:02  0:00:10 15895
 37  200k   37 76296    0     0  23162      0  0:00:08  0:00:03  0:00:05 23162
 51  200k   51  103k    0     0  24740      0  0:00:08  0:00:04  0:00:04 24735
 62  200k   62  124k    0     0  24301      0  0:00:08  0:00:05  0:00:03 26619
 70  200k   70  141k    0     0  23190      0  0:00:08  0:00:06  0:00:02 24274
 73  200k   73  146k    0     0  20560      0  0:00:09  0:00:07  0:00:02 22988
 74  200k   74  149k    0     0  17538      0  0:00:11  0:00:08  0:00:03 14113
 76  200k   76  152k    0     0  16805      0  0:00:12  0:00:09  0:00:03 10005
 77  200k   77  155k    0     0  15468      0  0:00:13  0:00:10  0:00:03  6238
 81  200k   81  162k    0     0  13944      0  0:00:14  0:00:11  0:00:03  3706
 83  200k   83  166k    0     0  13736      0  0:00:14  0:00:12  0:00:02  4075
 85  200k   85  170k    0     0  13121      0  0:00:15  0:00:13  0:00:02  4837
 87  200k   87  175k    0     0  12324      0  0:00:16  0:00:14  0:00:02  4405
 90  200k   90  181k    0     0  12175      0  0:00:16  0:00:15  0:00:01  5386
 93  200k   93  187k    0     0  11705      0  0:00:17  0:00:16  0:00:01  5797
 95  200k   95  190k    0     0  11258      0  0:00:18  0:00:17  0:00:01  5011
 98  200k   98  196k    0     0  11023      0  0:00:18  0:00:18 --:--:--  5328
 99  200k   99  199k    0     0  10254      0  0:00:19  0:00:19 --:--:--  4600
 99  200k   99  199k    0     0   9762      0  0:00:20  0:00:20 --:--:--  3176
 99  200k   99  199k    0     0   9316      0  0:00:21  0:00:21 --:--:--  2156
 99  200k   99  199k    0     0   8908      0  0:00:22  0:00:22 --:--:--  1585
 99  200k   99  199k    0     0   8535      0  0:00:23  0:00:23 --:--:--   502
 99  200k   99  199k    0     0   8192      0  0:00:25  0:00:24  0:00:01     0
 99  200k   99  199k    0     0   7875      0  0:00:26  0:00:25  0:00:01     0
 99  200k   99  199k    0     0   7582      0  0:00:27  0:00:26  0:00:01     0
 99  200k   99  199k    0     0   7310      0  0:00:28  0:00:27  0:00:01     0
 99  200k   99  199k    0     0   7057      0  0:00:29  0:00:28  0:00:01     0
 99  200k   99  199k    0     0   6821      0  0:00:30  0:00:29  0:00:01     0
 99  200k   99  199k    0     0   6582      0  0:00:31  0:00:31 --:--:--     0
 99  200k   99  199k    0     0   6376      0  0:00:32  0:00:32 --:--:--     0
 99  200k   99  199k    0     0   6182      0  0:00:33  0:00:33 --:--:--     0
 99  200k   99  199k    0     0   6000      0  0:00:34  0:00:34 --:--:--     0
 99  200k   99  199k    0     0   5828      0  0:00:35  0:00:35 --:--:--     0
 99  200k   99  199k    0     0   5666      0  0:00:36  0:00:36 --:--:--     0
 99  200k   99  199k    0     0   5513      0  0:00:37  0:00:37 --:--:--     0
 99  200k   99  199k    0     0   5368      0  0:00:38  0:00:38 --:--:--     0
 99  200k   99  199k    0     0   5230      0  0:00:39  0:00:39 --:--:--     0
 99  200k   99  199k    0     0   5099      0  0:00:40  0:00:40 --:--:--     0
 99  200k   99  199k    0     0   4974      0  0:00:41  0:00:41 --:--:--     0
 99  200k   99  199k    0     0   4856      0  0:00:42  0:00:42 --:--:--     0
 99  200k   99  199k    0     0   4743      0  0:00:43  0:00:43 --:--:--     0
 99  200k   99  199k    0     0   4635      0  0:00:44  0:00:44 --:--:--     0
 99  200k   99  199k    0     0   4532      0  0:00:45  0:00:45 --:--:--     0
 99  200k   99  199k    0     0   4433      0  0:00:46  0:00:46 --:--:--     0
 99  200k   99  199k    0     0   4339      0  0:00:47  0:00:47 --:--:--     0
 99  200k   99  199k    0     0   4248      0  0:00:48  0:00:48 --:--:--     0
 99  200k   99  199k    0     0   4161      0  0:00:49  0:00:49 --:--:--     0
 99  200k   99  199k    0     0   4078      0  0:00:50  0:00:50 --:--:--     0
 99  200k   99  199k    0     0   3998      0  0:00:51  0:00:51 --:--:--     0
 99  200k   99  199k    0     0   3921      0  0:00:52  0:00:52 --:--:--     0
 99  200k   99  199k    0     0   3847      0  0:00:53  0:00:53 --:--:--     0
 99  200k   99  199k    0     0   3776      0  0:00:54  0:00:54 --:--:--     0
 99  200k   99  199k    0     0   3707      0  0:00:55  0:00:55 --:--:--     0
 99  200k   99  199k    0     0   3641      0  0:00:56  0:00:56 --:--:--     0
 99  200k   99  199k    0     0   3577      0  0:00:57  0:00:57 --:--:--     0
 99  200k   99  199k    0     0   3515      0  0:00:58  0:00:58 --:--:--     0
 99  200k   99  199k    0     0   3455      0  0:00:59  0:00:59 --:--:--     0
 99  200k   99  199k    0     0   3398      0  0:01:00  0:01:00 --:--:--     0
 99  200k   99  199k    0     0   3342      0  0:01:01  0:01:01 --:--:--     0
 99  200k   99  199k    0     0   3288      0  0:01:02  0:01:02 --:--:--     0
 99  200k   99  199k    0     0   3236      0  0:01:03  0:01:03 --:--:--     0
 99  200k   99  199k    0     0   3185      0  0:01:04  0:01:04 --:--:--     0
 99  200k   99  199k    0     0   3136      0  0:01:05  0:01:05 --:--:--     0
 99  200k   99  199k    0     0   3089      0  0:01:06  0:01:06 --:--:--     0
 99  200k   99  199k    0     0   3043      0  0:01:07  0:01:07 --:--:--     0
 99  200k   99  199k    0     0   2998      0  0:01:08  0:01:08 --:--:--     0
 99  200k   99  199k    0     0   2954      0  0:01:09  0:01:09 --:--:--     0
 99  200k   99  199k    0     0   2912      0  0:01:10  0:01:10 --:--:--     0
 99  200k   99  199k    0     0   2871      0  0:01:11  0:01:11 --:--:--     0
 99  200k   99  199k    0     0   2831      0  0:01:12  0:01:12 --:--:--     0
 99  200k   99  199k    0     0   2792      0  0:01:13  0:01:13 --:--:--     0
 99  200k   99  199k    0     0   2755      0  0:01:14  0:01:14 --:--:--     0
 99  200k   99  199k    0     0   2718      0  0:01:15  0:01:15 --:--:--     0
 99  200k   99  199k    0     0   2682      0  0:01:16  0:01:16 --:--:--     0
 99  200k   99  199k    0     0   2647      0  0:01:17  0:01:17 --:--:--     0
 99  200k   99  199k    0     0   2613      0  0:01:18  0:01:18 --:--:--     0
 99  200k   99  199k    0     0   2580      0  0:01:19  0:01:19 --:--:--     0
 99  200k   99  199k    0     0   2548      0  0:01:20  0:01:20 --:--:--     0
 99  200k   99  199k    0     0   2516      0  0:01:21  0:01:21 --:--:--     0
 99  200k   99  199k    0     0   2486      0  0:01:22  0:01:22 --:--:--     0
 99  200k   99  199k    0     0   2456      0  0:01:23  0:01:23 --:--:--     0
 99  200k   99  199k    0     0   2456      0  0:01:23  0:01:23 --:--:--     0
curl: (18) transfer closed with 748 bytes remaining to read

  % Total    % Received % Xferd  Average Speed   Time    Time     Time  Current
                                 Dload  Upload   Total   Spent    Left  Speed

  0     0    0     0    0     0      0      0 --:--:-- --:--:-- --:--:--     0
  0     0    0     0    0     0      0      0 --:--:--  0:00:01 --:--:--     0
  8  200k    8 17952    0     0   9340      0  0:00:21  0:00:01  0:00:20  9340
 21  200k   21 44880    0     0  15227      0  0:00:13  0:00:02  0:00:11 15223
 37  200k   37 77792    0     0  19392      0  0:00:10  0:00:04  0:00:06 19394
 51  200k   51  103k    0     0  21206      0  0:00:09  0:00:05  0:00:04 21209
 61  200k   61  122k    0     0  21169      0  0:00:09  0:00:05  0:00:04 25745
 70  200k   70  140k    0     0  20917      0  0:00:09  0:00:06  0:00:03 25383
 75  200k   75  150k    0     0  18584      0  0:00:11  0:00:08  0:00:03 20439
 75  200k   75  150k    0     0  16581      0  0:00:12  0:00:09  0:00:03 14447
 81  200k   81  162k    0     0  16465      0  0:00:12  0:00:10  0:00:02 11831
 85  200k   85  171k    0     0  16025      0  0:00:12  0:00:10  0:00:02  9959
 88  200k   88  176k    0     0  15124      0  0:00:13  0:00:11  0:00:02  7234
 93  200k   93  186k    0     0  14718      0  0:00:13  0:00:12  0:00:01  7850
 94  200k   94  189k    0     0  13899      0  0:00:14  0:00:13  0:00:01  8594
 97  200k   97  195k    0     0  13311      0  0:00:15  0:00:15 --:--:--  6828
 99  200k   99  199k    0     0  12247      0  0:00:16  0:00:16 --:--:--  4966
 99  200k   99  199k    0     0  11552      0  0:00:17  0:00:17 --:--:--  4045
 99  200k   99  199k    0     0  10932      0  0:00:18  0:00:18 --:--:--  2333
 99  200k   99  199k    0     0  10376      0  0:00:19  0:00:19 --:--:--  1686
 99  200k   99  199k    0     0   9873      0  0:00:20  0:00:20 --:--:--   639
 99  200k   99  199k    0     0   9416      0  0:00:21  0:00:21 --:--:--     0
 99  200k   99  199k    0     0   9000      0  0:00:22  0:00:22 --:--:--     0
 99  200k   99  199k    0     0   8620      0  0:00:23  0:00:23 --:--:--     0
 99  200k   99  199k    0     0   8270      0  0:00:24  0:00:24 --:--:--     0
 99  200k   99  199k    0     0   7947      0  0:00:25  0:00:25 --:--:--     0
 99  200k   99  199k    0     0   7649      0  0:00:26  0:00:26 --:--:--     0
 99  200k   99  199k    0     0   7372      0  0:00:27  0:00:27 --:--:--     0
 99  200k   99  199k    0     0   7115      0  0:00:28  0:00:28 --:--:--     0
 99  200k   99  199k    0     0   6874      0  0:00:29  0:00:29 --:--:--     0
 99  200k   99  199k    0     0   6801      0  0:00:30  0:00:30 --:--:--     0
 99  200k   99  199k    0     0   6581      0  0:00:31  0:00:31 --:--:--     0
 99  200k   99  199k    0     0   6375      0  0:00:32  0:00:32 --:--:--     0
 99  200k   99  199k    0     0   6182      0  0:00:33  0:00:33 --:--:--     0
 99  200k   99  199k    0     0   6000      0  0:00:34  0:00:34 --:--:--     0
 99  200k   99  199k    0     0   5828      0  0:00:35  0:00:35 --:--:--     0
100  200k  100  200k    0     0   5815      0  0:00:35  0:00:35 --:--:--   177

  % Total    % Received % Xferd  Average Speed   Time    Time     Time  Current
                                 Dload  Upload   Total   Spent    Left  Speed

  0     0    0     0    0     0      0      0 --:--:-- --:--:-- --:--:--     0
  0     0    0     0    0     0      0      0 --:--:-- --:--:-- --:--:--     0
  4  200k    4  9724    0     0   8265      0  0:00:24  0:00:01  0:00:23  8261
 17  200k   17 35904    0     0  16949      0  0:00:12  0:00:02  0:00:10 16943
 30  200k   30 62084    0     0  20078      0  0:00:10  0:00:03  0:00:07 20078
 43  200k   43 88264    0     0  21390      0  0:00:09  0:00:04  0:00:05 21386
 55  200k   55  111k    0     0  22214      0  0:00:09  0:00:05  0:00:04 23118
 67  200k   67  134k    0     0  22447      0  0:00:09  0:00:06  0:00:03 25813
 69  200k   69  138k    0     0  18693      0  0:00:10  0:00:07  0:00:03 19368
 70  200k   70  141k    0     0  16333      0  0:00:12  0:00:08  0:00:04 14334
 71  200k   71  143k    0     0  16001      0  0:00:12  0:00:09  0:00:03 11627
 75  200k   75  151k    0     0  15195      0  0:00:13  0:00:10  0:00:03  8181
 77  200k   77  154k    0     0  14143      0  0:00:14  0:00:11  0:00:03  4017
 80  200k   80  161k    0     0  13567      0  0:00:15  0:00:12  0:00:03  5060
 84  200k   84  168k    0     0  12921      0  0:00:15  0:00:13  0:00:02  6166
 87  200k   87  175k    0     0  12639      0  0:00:16  0:00:14  0:00:02  6439
 90  200k   90  181k    0     0  12047      0  0:00:17  0:00:15  0:00:02  5873
 93  200k   93  186k    0     0  11791      0  0:00:17  0:00:16  0:00:01  6560
 96  200k   96  193k    0     0  11190      0  0:00:18  0:00:17  0:00:01  5952
 98  200k   98  196k    0     0  11106      0  0:00:18  0:00:18 --:--:--  5991
100  200k  100  200k    0     0  10733      0  0:00:19  0:00:19 --:--:--  5183

  % Total    % Received % Xferd  Average Speed   Time    Time     Time  Current
                                 Dload  Upload   Total   Spent    Left  Speed

  0     0    0     0    0     0      0      0 --:--:-- --:--:-- --:--:--     0
  0     0    0     0    0     0      0      0 --:--:-- --:--:-- --:--:--     0
 12  200k   12 25432    0     0  22526      0  0:00:09  0:00:01  0:00:08 22526
 26  200k   26 53856    0     0  25365      0  0:00:08  0:00:02  0:00:06 25355
 40  200k   40 83776    0     0  26813      0  0:00:07  0:00:03  0:00:04 26808
 55  200k   55  111k    0     0  27723      0  0:00:07  0:00:04  0:00:03 27723
 67  200k   67  135k    0     0  26979      0  0:00:07  0:00:05  0:00:02 28074
 78  200k   78  156k    0     0  25768      0  0:00:07  0:00:06  0:00:01 26488
 79  200k   79  158k    0     0  21950      0  0:00:09  0:00:07  0:00:02 20576
 82  200k   82  165k    0     0  19785      0  0:00:10  0:00:08  0:00:02 15763
 82  200k   82  165k    0     0  17717      0  0:00:11  0:00:09  0:00:02 10147
 84  200k   84  169k    0     0  16801      0  0:00:12  0:00:10  0:00:02  6762
 87  200k   87  174k    0     0  15623      0  0:00:13  0:00:11  0:00:02  3575
 90  200k   90  181k    0     0  14935      0  0:00:13  0:00:12  0:00:01  4716
 93  200k   93  187k    0     0  14135      0  0:00:14  0:00:13  0:00:01  4472
 95  200k   95  191k    0     0  13812      0  0:00:14  0:00:14 --:--:--  5685
 98  200k   98  197k    0     0  13053      0  0:00:15  0:00:15 --:--:--  5610
100  200k  100  200k    0     0  12678      0  0:00:16  0:00:16 --:--:--  5524
100  200k  100  200k    0     0  12678      0  0:00:16  0:00:16 --:--:--  5036

  % Total    % Received % Xferd  Average Speed   Time    Time     Time  Current
                                 Dload  Upload   Total   Spent    Left  Speed

  0     0    0     0    0     0      0      0 --:--:-- --:--:-- --:--:--     0
  1  200k    1  3740    0     0   5373      0  0:00:38 --:--:--  0:00:38  5365
 15  200k   15 32164    0     0  18828      0  0:00:10  0:00:01  0:00:09 18820
 28  200k   28 58344    0     0  21764      0  0:00:09  0:00:02  0:00:07 21762
 42  200k   42 86768    0     0  23377      0  0:00:08  0:00:03  0:00:05 23375
 54  200k   54  108k    0     0  23840      0  0:00:08  0:00:04  0:00:04 23840
 66  200k   66  133k    0     0  23969      0  0:00:08  0:00:05  0:00:03 26554
 73  200k   73  147k    0     0  22618      0  0:00:09  0:00:06  0:00:03 23920
 75  200k   75  151k    0     0  19975      0  0:00:10  0:00:07  0:00:03 19040
 77  200k   77  155k    0     0  18287      0  0:00:11  0:00:08  0:00:03 14511
 79  200k   79  158k    0     0  16765      0  0:00:12  0:00:09  0:00:03 10160
 81  200k   81  163k    0     0  15640      0  0:00:13  0:00:10  0:00:03  6131
 83  200k   83  166k    0     0  14508      0  0:00:14  0:00:11  0:00:03  3832
 87  200k   87  175k    0     0  13905      0  0:00:14  0:00:12  0:00:02  4674
 89  200k   89  179k    0     0  13382      0  0:00:15  0:00:13  0:00:02  4899
 95  200k   95  190k    0     0  12879      0  0:00:15  0:00:15 --:--:--  6010
 96  200k   96  193k    0     0  12641      0  0:00:16  0:00:15  0:00:01  6174
100  200k  100  200k    0     0  11899      0  0:00:17  0:00:17 --:--:--  6278
100  200k  100  200k    0     0  11899      0  0:00:17  0:00:17 --:--:--  5879

  % Total    % Received % Xferd  Average Speed   Time    Time     Time  Current
                                 Dload  Upload   Total   Spent    Left  Speed

  0     0    0     0    0     0      0      0 --:--:-- --:--:-- --:--:--     0
  0  200k    0     0    0     0      0      0 --:--:-- --:--:-- --:--:--     0
 13  200k   13 26928    0     0  19702      0  0:00:10  0:00:01  0:00:09 19698
 27  200k   27 56100    0     0  23025      0  0:00:08  0:00:02  0:00:06 23020
 42  200k   42 86768    0     0  25521      0  0:00:08  0:00:03  0:00:05 25520
 54  200k   54  108k    0     0  25199      0  0:00:08  0:00:04  0:00:04 25194
 64  200k   64  129k    0     0  24517      0  0:00:08  0:00:05  0:00:03 26655
 75  200k   75  151k    0     0  24322      0  0:00:08  0:00:06  0:00:02 25577
 85  200k   85  170k    0     0  21189      0  0:00:09  0:00:08  0:00:01 20424
 86  200k   86  173k    0     0  20910      0  0:00:09  0:00:08  0:00:01 17827
 89  200k   89  179k    0     0  19571      0  0:00:10  0:00:09  0:00:01 14637
 92  200k   92  184k    0     0  18131      0  0:00:11  0:00:10  0:00:01 11286
 97  200k   97  195k    0     0  16264      0  0:00:12  0:00:12 --:--:--  7502
 98  200k   98  197k    0     0  16003      0  0:00:12  0:00:12 --:--:--  6280
100  200k  100  200k    0     0  15325      0  0:00:13  0:00:13 --:--:--  5634

